This file contains any messages produced by compilers while
running configure, to aid debugging if configure makes a mistake.

It was created by agent2d configure 2.1.0, which was
generated by GNU Autoconf 2.63.  Invocation command line was

  $ ./configure 

## --------- ##
## Platform. ##
## --------- ##

hostname = ToRnaDo
uname -m = x86_64
uname -r = 3.1.0-7.fc16.x86_64
uname -s = Linux
uname -v = #1 SMP Tue Nov 1 21:10:48 UTC 2011

/usr/bin/uname -p = unknown
/bin/uname -X     = unknown

/bin/arch              = x86_64
/usr/bin/arch -k       = unknown
/usr/convex/getsysinfo = unknown
/usr/bin/hostinfo      = unknown
/bin/machine           = unknown
/usr/bin/oslevel       = unknown
/bin/universe          = unknown

PATH: /usr/lib64/ccache
PATH: /usr/local/bin
PATH: /usr/bin
PATH: /bin
PATH: /usr/local/sbin
PATH: /usr/sbin
PATH: /sbin
PATH: /home/moji/.local/bin
PATH: /home/moji/bin


## ----------- ##
## Core tests. ##
## ----------- ##

configure:1909: checking for a BSD-compatible install
configure:1977: result: /usr/bin/install -c
configure:1988: checking whether build environment is sane
configure:2031: result: yes
configure:2056: checking for a thread-safe mkdir -p
configure:2095: result: /bin/mkdir -p
configure:2108: checking for gawk
configure:2124: found /usr/bin/gawk
configure:2135: result: gawk
configure:2146: checking whether make sets $(MAKE)
configure:2168: result: yes
configure:2420: checking for g++
configure:2436: found /usr/lib64/ccache/g++
configure:2447: result: g++
configure:2474: checking for C++ compiler version
configure:2482: g++ --version >&5
g++ (GCC) 4.6.3 20120306 (Red Hat 4.6.3-2)
Copyright (C) 2011 Free Software Foundation, Inc.
This is free software; see the source for copying conditions.  There is NO
warranty; not even for MERCHANTABILITY or FITNESS FOR A PARTICULAR PURPOSE.

configure:2486: $? = 0
configure:2493: g++ -v >&5
Using built-in specs.
COLLECT_GCC=/usr/bin/g++
COLLECT_LTO_WRAPPER=/usr/libexec/gcc/x86_64-redhat-linux/4.6.3/lto-wrapper
Target: x86_64-redhat-linux
Configured with: ../configure --prefix=/usr --mandir=/usr/share/man --infodir=/usr/share/info --with-bugurl=http://bugzilla.redhat.com/bugzilla --enable-bootstrap --enable-shared --enable-threads=posix --enable-checking=release --with-system-zlib --enable-__cxa_atexit --disable-libunwind-exceptions --enable-gnu-unique-object --enable-linker-build-id --enable-languages=c,c++,objc,obj-c++,java,fortran,ada,go,lto --enable-plugin --enable-java-awt=gtk --disable-dssi --with-java-home=/usr/lib/jvm/java-1.5.0-gcj-1.5.0.0/jre --enable-libgcj-multifile --enable-java-maintainer-mode --with-ecj-jar=/usr/share/java/eclipse-ecj.jar --disable-libjava-multilib --with-ppl --with-cloog --with-tune=generic --with-arch_32=i686 --build=x86_64-redhat-linux
Thread model: posix
gcc version 4.6.3 20120306 (Red Hat 4.6.3-2) (GCC) 
configure:2497: $? = 0
configure:2504: g++ -V >&5
g++: error: unrecognized option '-V'
g++: fatal error: no input files
compilation terminated.
configure:2508: $? = 4
configure:2531: checking for C++ compiler default output file name
configure:2553: g++    conftest.cpp  >&5
configure:2557: $? = 0
configure:2595: result: a.out
configure:2614: checking whether the C++ compiler works
configure:2624: ./a.out
configure:2628: $? = 0
configure:2647: result: yes
configure:2654: checking whether we are cross compiling
configure:2656: result: no
configure:2659: checking for suffix of executables
configure:2666: g++ -o conftest    conftest.cpp  >&5
configure:2670: $? = 0
configure:2696: result: 
configure:2702: checking for suffix of object files
configure:2728: g++ -c   conftest.cpp >&5
configure:2732: $? = 0
configure:2757: result: o
configure:2761: checking whether we are using the GNU C++ compiler
configure:2790: g++ -c   conftest.cpp >&5
configure:2797: $? = 0
configure:2814: result: yes
configure:2823: checking whether g++ accepts -g
configure:2853: g++ -c -g  conftest.cpp >&5
configure:2860: $? = 0
configure:2961: result: yes
configure:2995: checking for style of include used by make
configure:3023: result: GNU
configure:3048: checking dependency style of g++
configure:3139: result: gcc3
configure:3202: checking for gcc
configure:3218: found /usr/lib64/ccache/gcc
configure:3229: result: gcc
configure:3461: checking for C compiler version
configure:3469: gcc --version >&5
gcc (GCC) 4.6.3 20120306 (Red Hat 4.6.3-2)
Copyright (C) 2011 Free Software Foundation, Inc.
This is free software; see the source for copying conditions.  There is NO
warranty; not even for MERCHANTABILITY or FITNESS FOR A PARTICULAR PURPOSE.

configure:3473: $? = 0
configure:3480: gcc -v >&5
Using built-in specs.
COLLECT_GCC=/usr/bin/gcc
COLLECT_LTO_WRAPPER=/usr/libexec/gcc/x86_64-redhat-linux/4.6.3/lto-wrapper
Target: x86_64-redhat-linux
Configured with: ../configure --prefix=/usr --mandir=/usr/share/man --infodir=/usr/share/info --with-bugurl=http://bugzilla.redhat.com/bugzilla --enable-bootstrap --enable-shared --enable-threads=posix --enable-checking=release --with-system-zlib --enable-__cxa_atexit --disable-libunwind-exceptions --enable-gnu-unique-object --enable-linker-build-id --enable-languages=c,c++,objc,obj-c++,java,fortran,ada,go,lto --enable-plugin --enable-java-awt=gtk --disable-dssi --with-java-home=/usr/lib/jvm/java-1.5.0-gcj-1.5.0.0/jre --enable-libgcj-multifile --enable-java-maintainer-mode --with-ecj-jar=/usr/share/java/eclipse-ecj.jar --disable-libjava-multilib --with-ppl --with-cloog --with-tune=generic --with-arch_32=i686 --build=x86_64-redhat-linux
Thread model: posix
gcc version 4.6.3 20120306 (Red Hat 4.6.3-2) (GCC) 
configure:3484: $? = 0
configure:3491: gcc -V >&5
gcc: error: unrecognized option '-V'
gcc: fatal error: no input files
compilation terminated.
configure:3495: $? = 4
configure:3498: checking whether we are using the GNU C compiler
configure:3527: gcc -c   conftest.c >&5
configure:3534: $? = 0
configure:3551: result: yes
configure:3560: checking whether gcc accepts -g
configure:3590: gcc -c -g  conftest.c >&5
configure:3597: $? = 0
configure:3698: result: yes
configure:3715: checking for gcc option to accept ISO C89
configure:3789: gcc  -c -g -O2  conftest.c >&5
configure:3796: $? = 0
configure:3819: result: none needed
configure:3839: checking dependency style of gcc
configure:3930: result: gcc3
configure:3988: checking for ranlib
configure:4004: found /usr/bin/ranlib
configure:4015: result: ranlib
configure:4037: checking whether ln -s works
configure:4041: result: yes
configure:4102: checking for boostlib >= 1.32.0
configure:4166: g++ -c -g -O2  -I/usr/include conftest.cpp >&5
configure:4173: $? = 0
configure:4179: result: yes
configure:4385: checking for cos in -lm
configure:4420: g++ -o conftest -g -O2  -I/usr/include  -L/usr/lib conftest.cpp -lm   >&5
configure:4427: $? = 0
configure:4448: result: yes
configure:4459: checking for deflate in -lz
configure:4494: g++ -o conftest -g -O2  -I/usr/include  -L/usr/lib conftest.cpp -lz  -lm  >&5
configure:4501: $? = 0
configure:4522: result: yes
configure:4534: checking for main in -lrcsc_geom
configure:4563: g++ -o conftest -g -O2  -I/usr/include  -L/usr/lib conftest.cpp -lrcsc_geom  -lz -lm  >&5
configure:4570: $? = 0
configure:4591: result: yes
configure:4601: checking for main in -lrcsc_rcg
configure:4630: g++ -o conftest -g -O2  -I/usr/include  -L/usr/lib conftest.cpp -lrcsc_rcg  -lrcsc_geom -lz -lm  >&5
configure:4637: $? = 0
configure:4658: result: yes
configure:4670: checking for main in -lrcsc_gz
configure:4699: g++ -o conftest -g -O2  -I/usr/include  -L/usr/lib conftest.cpp -lrcsc_gz  -lrcsc_rcg -lrcsc_geom -lz -lm  >&5
configure:4706: $? = 0
configure:4727: result: yes
configure:4738: checking for main in -lrcsc_param
configure:4767: g++ -o conftest -g -O2  -I/usr/include  -L/usr/lib conftest.cpp -lrcsc_param  -lrcsc_gz -lrcsc_rcg -lrcsc_geom -lz -lm  >&5
configure:4774: $? = 0
configure:4795: result: yes
configure:4805: checking for main in -lrcsc_time
configure:4834: g++ -o conftest -g -O2  -I/usr/include  -L/usr/lib conftest.cpp -lrcsc_time  -lrcsc_param -lrcsc_gz -lrcsc_rcg -lrcsc_geom -lz -lm  >&5
configure:4841: $? = 0
configure:4862: result: yes
configure:4872: checking for main in -lrcsc_net
configure:4901: g++ -o conftest -g -O2  -I/usr/include  -L/usr/lib conftest.cpp -lrcsc_net  -lrcsc_time -lrcsc_param -lrcsc_gz -lrcsc_rcg -lrcsc_geom -lz -lm  >&5
configure:4908: $? = 0
configure:4929: result: yes
configure:4939: checking for main in -lrcsc_ann
configure:4968: g++ -o conftest -g -O2  -I/usr/include  -L/usr/lib conftest.cpp -lrcsc_ann  -lrcsc_net -lrcsc_time -lrcsc_param -lrcsc_gz -lrcsc_rcg -lrcsc_geom -lz -lm  >&5
configure:4975: $? = 0
configure:4996: result: yes
configure:5006: checking for main in -lrcsc_agent
configure:5035: g++ -o conftest -g -O2  -I/usr/include  -L/usr/lib conftest.cpp -lrcsc_agent  -lrcsc_ann -lrcsc_net -lrcsc_time -lrcsc_param -lrcsc_gz -lrcsc_rcg -lrcsc_geom -lz -lm  >&5
configure:5042: $? = 0
configure:5063: result: yes
configure:5081: checking how to run the C++ preprocessor
configure:5117: g++ -E  -I/usr/include conftest.cpp
configure:5124: $? = 0
configure:5155: g++ -E  -I/usr/include conftest.cpp
conftest.cpp:13:28: fatal error: ac_nonexistent.h: No such file or directory
compilation terminated.
configure:5162: $? = 1
configure: failed program was:
| /* confdefs.h.  */
| #define PACKAGE_NAME "agent2d"
| #define PACKAGE_TARNAME "agent2d"
| #define PACKAGE_VERSION "2.1.0"
| #define PACKAGE_STRING "agent2d 2.1.0"
| #define PACKAGE_BUGREPORT "akky@users.sourceforge.jp"
| #define PACKAGE "agent2d"
| #define VERSION "2.1.0"
| #define HAVE_BOOST /**/
| #define HAVE_LIBZ 1
| #define HAVE_LIBRCSC_GZ 1
| /* end confdefs.h.  */
| #include <ac_nonexistent.h>
configure:5195: result: g++ -E
configure:5224: g++ -E  -I/usr/include conftest.cpp
configure:5231: $? = 0
configure:5262: g++ -E  -I/usr/include conftest.cpp
conftest.cpp:13:28: fatal error: ac_nonexistent.h: No such file or directory
compilation terminated.
configure:5269: $? = 1
configure: failed program was:
| /* confdefs.h.  */
| #define PACKAGE_NAME "agent2d"
| #define PACKAGE_TARNAME "agent2d"
| #define PACKAGE_VERSION "2.1.0"
| #define PACKAGE_STRING "agent2d 2.1.0"
| #define PACKAGE_BUGREPORT "akky@users.sourceforge.jp"
| #define PACKAGE "agent2d"
| #define VERSION "2.1.0"
| #define HAVE_BOOST /**/
| #define HAVE_LIBZ 1
| #define HAVE_LIBRCSC_GZ 1
| /* end confdefs.h.  */
| #include <ac_nonexistent.h>
configure:5309: checking for grep that handles long lines and -e
configure:5369: result: /bin/grep
configure:5374: checking for egrep
configure:5438: result: /bin/grep -E
configure:5443: checking for ANSI C header files
configure:5473: g++ -c -g -O2  -I/usr/include conftest.cpp >&5
configure:5480: $? = 0
configure:5579: g++ -o conftest -g -O2  -I/usr/include  -L/usr/lib conftest.cpp -lrcsc_agent -lrcsc_ann -lrcsc_net -lrcsc_time -lrcsc_param -lrcsc_gz -lrcsc_rcg -lrcsc_geom -lz -lm  >&5
configure:5583: $? = 0
configure:5589: ./conftest
./conftest: error while loading shared libraries: librcsc_agent.so.5: cannot open shared object file: No such file or directory
configure:5593: $? = 127
configure: program exited with status 127
configure: failed program was:
| /* confdefs.h.  */
| #define PACKAGE_NAME "agent2d"
| #define PACKAGE_TARNAME "agent2d"
| #define PACKAGE_VERSION "2.1.0"
| #define PACKAGE_STRING "agent2d 2.1.0"
| #define PACKAGE_BUGREPORT "akky@users.sourceforge.jp"
| #define PACKAGE "agent2d"
| #define VERSION "2.1.0"
| #define HAVE_BOOST /**/
| #define HAVE_LIBZ 1
| #define HAVE_LIBRCSC_GZ 1
| /* end confdefs.h.  */
| #include <ctype.h>
| #include <stdlib.h>
| #if ((' ' & 0x0FF) == 0x020)
| # define ISLOWER(c) ('a' <= (c) && (c) <= 'z')
| # define TOUPPER(c) (ISLOWER(c) ? 'A' + ((c) - 'a') : (c))
| #else
| # define ISLOWER(c) 		   (('a' <= (c) && (c) <= 'i') 		     || ('j' <= (c) && (c) <= 'r') 		     || ('s' <= (c) && (c) <= 'z'))
| # define TOUPPER(c) (ISLOWER(c) ? ((c) | 0x40) : (c))
| #endif
| 
| #define XOR(e, f) (((e) && !(f)) || (!(e) && (f)))
| int
| main ()
| {
|   int i;
|   for (i = 0; i < 256; i++)
|     if (XOR (islower (i), ISLOWER (i))
| 	|| toupper (i) != TOUPPER (i))
|       return 2;
|   return 0;
| }
configure:5611: result: no
configure:5635: checking for sys/types.h
configure:5656: g++ -c -g -O2  -I/usr/include conftest.cpp >&5
configure:5663: $? = 0
configure:5680: result: yes
configure:5635: checking for sys/stat.h
configure:5656: g++ -c -g -O2  -I/usr/include conftest.cpp >&5
configure:5663: $? = 0
configure:5680: result: yes
configure:5635: checking for stdlib.h
configure:5656: g++ -c -g -O2  -I/usr/include conftest.cpp >&5
configure:5663: $? = 0
configure:5680: result: yes
configure:5635: checking for string.h
configure:5656: g++ -c -g -O2  -I/usr/include conftest.cpp >&5
configure:5663: $? = 0
configure:5680: result: yes
configure:5635: checking for memory.h
configure:5656: g++ -c -g -O2  -I/usr/include conftest.cpp >&5
configure:5663: $? = 0
configure:5680: result: yes
configure:5635: checking for strings.h
configure:5656: g++ -c -g -O2  -I/usr/include conftest.cpp >&5
configure:5663: $? = 0
configure:5680: result: yes
configure:5635: checking for inttypes.h
configure:5656: g++ -c -g -O2  -I/usr/include conftest.cpp >&5
configure:5663: $? = 0
configure:5680: result: yes
configure:5635: checking for stdint.h
configure:5656: g++ -c -g -O2  -I/usr/include conftest.cpp >&5
configure:5663: $? = 0
configure:5680: result: yes
configure:5635: checking for unistd.h
configure:5656: g++ -c -g -O2  -I/usr/include conftest.cpp >&5
configure:5663: $? = 0
configure:5680: result: yes
configure:5710: checking rcsc/types.h usability
configure:5727: g++ -c -g -O2  -I/usr/include conftest.cpp >&5
configure:5734: $? = 0
configure:5748: result: yes
configure:5752: checking rcsc/types.h presence
configure:5767: g++ -E  -I/usr/include conftest.cpp
configure:5774: $? = 0
configure:5788: result: yes
configure:5821: checking for rcsc/types.h
configure:5830: result: yes
configure:5848: checking for stdbool.h that conforms to C99
configure:5943: g++ -c -g -O2  -I/usr/include conftest.cpp >&5
configure:5950: $? = 0
configure:5965: result: yes
configure:5967: checking for _Bool
configure:5995: g++ -c -g -O2  -I/usr/include conftest.cpp >&5
conftest.cpp: In function 'int main()':
conftest.cpp:59:13: error: '_Bool' was not declared in this scope
configure:6002: $? = 1
configure: failed program was:
| /* confdefs.h.  */
| #define PACKAGE_NAME "agent2d"
| #define PACKAGE_TARNAME "agent2d"
| #define PACKAGE_VERSION "2.1.0"
| #define PACKAGE_STRING "agent2d 2.1.0"
| #define PACKAGE_BUGREPORT "akky@users.sourceforge.jp"
| #define PACKAGE "agent2d"
| #define VERSION "2.1.0"
| #define HAVE_BOOST /**/
| #define HAVE_LIBZ 1
| #define HAVE_LIBRCSC_GZ 1
| #define HAVE_SYS_TYPES_H 1
| #define HAVE_SYS_STAT_H 1
| #define HAVE_STDLIB_H 1
| #define HAVE_STRING_H 1
| #define HAVE_MEMORY_H 1
| #define HAVE_STRINGS_H 1
| #define HAVE_INTTYPES_H 1
| #define HAVE_STDINT_H 1
| #define HAVE_UNISTD_H 1
| #define HAVE_RCSC_TYPES_H 1
| /* end confdefs.h.  */
| #include <stdio.h>
| #ifdef HAVE_SYS_TYPES_H
| # include <sys/types.h>
| #endif
| #ifdef HAVE_SYS_STAT_H
| # include <sys/stat.h>
| #endif
| #ifdef STDC_HEADERS
| # include <stdlib.h>
| # include <stddef.h>
| #else
| # ifdef HAVE_STDLIB_H
| #  include <stdlib.h>
| # endif
| #endif
| #ifdef HAVE_STRING_H
| # if !defined STDC_HEADERS && defined HAVE_MEMORY_H
| #  include <memory.h>
| # endif
| # include <string.h>
| #endif
| #ifdef HAVE_STRINGS_H
| # include <strings.h>
| #endif
| #ifdef HAVE_INTTYPES_H
| # include <inttypes.h>
| #endif
| #ifdef HAVE_STDINT_H
| # include <stdint.h>
| #endif
| #ifdef HAVE_UNISTD_H
| # include <unistd.h>
| #endif
| int
| main ()
| {
| if (sizeof (_Bool))
|        return 0;
|   ;
|   return 0;
| }
configure:6059: result: no
configure:6078: checking for an ANSI C-conforming const
configure:6153: g++ -c -g -O2  -I/usr/include conftest.cpp >&5
configure:6160: $? = 0
configure:6175: result: yes
configure:6185: checking for inline
configure:6211: g++ -c -g -O2  -I/usr/include conftest.cpp >&5
configure:6218: $? = 0
configure:6236: result: inline
configure:6255: checking for size_t
configure:6283: g++ -c -g -O2  -I/usr/include conftest.cpp >&5
configure:6290: $? = 0
configure:6317: g++ -c -g -O2  -I/usr/include conftest.cpp >&5
conftest.cpp: In function 'int main()':
conftest.cpp:60:20: error: expected primary-expression before ')' token
configure:6324: $? = 1
configure: failed program was:
| /* confdefs.h.  */
| #define PACKAGE_NAME "agent2d"
| #define PACKAGE_TARNAME "agent2d"
| #define PACKAGE_VERSION "2.1.0"
| #define PACKAGE_STRING "agent2d 2.1.0"
| #define PACKAGE_BUGREPORT "akky@users.sourceforge.jp"
| #define PACKAGE "agent2d"
| #define VERSION "2.1.0"
| #define HAVE_BOOST /**/
| #define HAVE_LIBZ 1
| #define HAVE_LIBRCSC_GZ 1
| #define HAVE_SYS_TYPES_H 1
| #define HAVE_SYS_STAT_H 1
| #define HAVE_STDLIB_H 1
| #define HAVE_STRING_H 1
| #define HAVE_MEMORY_H 1
| #define HAVE_STRINGS_H 1
| #define HAVE_INTTYPES_H 1
| #define HAVE_STDINT_H 1
| #define HAVE_UNISTD_H 1
| #define HAVE_RCSC_TYPES_H 1
| #define HAVE_STDBOOL_H 1
| /* end confdefs.h.  */
| #include <stdio.h>
| #ifdef HAVE_SYS_TYPES_H
| # include <sys/types.h>
| #endif
| #ifdef HAVE_SYS_STAT_H
| # include <sys/stat.h>
| #endif
| #ifdef STDC_HEADERS
| # include <stdlib.h>
| # include <stddef.h>
| #else
| # ifdef HAVE_STDLIB_H
| #  include <stdlib.h>
| # endif
| #endif
| #ifdef HAVE_STRING_H
| # if !defined STDC_HEADERS && defined HAVE_MEMORY_H
| #  include <memory.h>
| # endif
| # include <string.h>
| #endif
| #ifdef HAVE_STRINGS_H
| # include <strings.h>
| #endif
| #ifdef HAVE_INTTYPES_H
| # include <inttypes.h>
| #endif
| #ifdef HAVE_STDINT_H
| # include <stdint.h>
| #endif
| #ifdef HAVE_UNISTD_H
| # include <unistd.h>
| #endif
| int
| main ()
| {
| if (sizeof ((size_t)))
| 	  return 0;
|   ;
|   return 0;
| }
configure:6347: result: yes
configure:6359: checking whether time.h and sys/time.h may both be included
configure:6389: g++ -c -g -O2  -I/usr/include conftest.cpp >&5
configure:6396: $? = 0
configure:6411: result: yes
configure:6438: checking for ANSI C header files
configure:6606: result: no
configure:6623: checking for floor
configure:6679: g++ -o conftest -g -O2  -I/usr/include  -L/usr/lib conftest.cpp -lrcsc_agent -lrcsc_ann -lrcsc_net -lrcsc_time -lrcsc_param -lrcsc_gz -lrcsc_rcg -lrcsc_geom -lz -lm  >&5
configure:6686: $? = 0
configure:6708: result: yes
configure:6623: checking for pow
configure:6679: g++ -o conftest -g -O2  -I/usr/include  -L/usr/lib conftest.cpp -lrcsc_agent -lrcsc_ann -lrcsc_net -lrcsc_time -lrcsc_param -lrcsc_gz -lrcsc_rcg -lrcsc_geom -lz -lm  >&5
configure:6686: $? = 0
configure:6708: result: yes
configure:6623: checking for sqrt
configure:6679: g++ -o conftest -g -O2  -I/usr/include  -L/usr/lib conftest.cpp -lrcsc_agent -lrcsc_ann -lrcsc_net -lrcsc_time -lrcsc_param -lrcsc_gz -lrcsc_rcg -lrcsc_geom -lz -lm  >&5
configure:6686: $? = 0
configure:6708: result: yes
configure:6623: checking for strerror
configure:6679: g++ -o conftest -g -O2  -I/usr/include  -L/usr/lib conftest.cpp -lrcsc_agent -lrcsc_ann -lrcsc_net -lrcsc_time -lrcsc_param -lrcsc_gz -lrcsc_rcg -lrcsc_geom -lz -lm  >&5
configure:6686: $? = 0
configure:6708: result: yes
configure:6846: creating ./config.status

## ---------------------- ##
## Running config.status. ##
## ---------------------- ##

This file was extended by agent2d config.status 2.1.0, which was
generated by GNU Autoconf 2.63.  Invocation command line was

  CONFIG_FILES    = 
  CONFIG_HEADERS  = 
  CONFIG_LINKS    = 
  CONFIG_COMMANDS = 
  $ ./config.status 

on ToRnaDo

config.status:793: creating Makefile
config.status:793: creating src/Makefile
config.status:793: creating src/reconnect.sh
config.status:793: creating src/start.sh
config.status:793: creating src/train.sh
config.status:793: creating config.h
config.status:1015: config.h is unchanged
config.status:1067: executing depfiles commands

## ---------------- ##
## Cache variables. ##
## ---------------- ##

ac_cv_c_compiler_gnu=yes
ac_cv_c_const=yes
ac_cv_c_inline=inline
ac_cv_cxx_compiler_gnu=yes
ac_cv_env_CCC_set=
ac_cv_env_CCC_value=
ac_cv_env_CC_set=
ac_cv_env_CC_value=
ac_cv_env_CFLAGS_set=
ac_cv_env_CFLAGS_value=
ac_cv_env_CPPFLAGS_set=
ac_cv_env_CPPFLAGS_value=
ac_cv_env_CXXCPP_set=
ac_cv_env_CXXCPP_value=
ac_cv_env_CXXFLAGS_set=
ac_cv_env_CXXFLAGS_value=
ac_cv_env_CXX_set=
ac_cv_env_CXX_value=
ac_cv_env_LDFLAGS_set=
ac_cv_env_LDFLAGS_value=
ac_cv_env_LIBS_set=
ac_cv_env_LIBS_value=
ac_cv_env_build_alias_set=
ac_cv_env_build_alias_value=
ac_cv_env_host_alias_set=
ac_cv_env_host_alias_value=
ac_cv_env_target_alias_set=
ac_cv_env_target_alias_value=
ac_cv_func_floor=yes
ac_cv_func_pow=yes
ac_cv_func_sqrt=yes
ac_cv_func_strerror=yes
ac_cv_header_inttypes_h=yes
ac_cv_header_memory_h=yes
ac_cv_header_rcsc_types_h=yes
ac_cv_header_stdbool_h=yes
ac_cv_header_stdc=no
ac_cv_header_stdint_h=yes
ac_cv_header_stdlib_h=yes
ac_cv_header_string_h=yes
ac_cv_header_strings_h=yes
ac_cv_header_sys_stat_h=yes
ac_cv_header_sys_types_h=yes
ac_cv_header_time=yes
ac_cv_header_unistd_h=yes
ac_cv_lib_m_cos=yes
ac_cv_lib_rcsc_agent_main=yes
ac_cv_lib_rcsc_ann_main=yes
ac_cv_lib_rcsc_geom_main=yes
ac_cv_lib_rcsc_gz_main=yes
ac_cv_lib_rcsc_net_main=yes
ac_cv_lib_rcsc_param_main=yes
ac_cv_lib_rcsc_rcg_main=yes
ac_cv_lib_rcsc_time_main=yes
ac_cv_lib_z_deflate=yes
ac_cv_objext=o
ac_cv_path_EGREP='/bin/grep -E'
ac_cv_path_GREP=/bin/grep
ac_cv_path_install='/usr/bin/install -c'
ac_cv_path_mkdir=/bin/mkdir
ac_cv_prog_AWK=gawk
ac_cv_prog_CXXCPP='g++ -E'
ac_cv_prog_ac_ct_CC=gcc
ac_cv_prog_ac_ct_CXX=g++
ac_cv_prog_ac_ct_RANLIB=ranlib
ac_cv_prog_cc_c89=
ac_cv_prog_cc_g=yes
ac_cv_prog_cxx_g=yes
ac_cv_prog_make_make_set=yes
ac_cv_type__Bool=no
ac_cv_type_size_t=yes
am_cv_CC_dependencies_compiler_type=gcc3
am_cv_CXX_dependencies_compiler_type=gcc3

## ----------------- ##
## Output variables. ##
## ----------------- ##

ACLOCAL='${SHELL} /home/moji/FARZ/Final/team/agent2d-2.1.0/config/missing --run aclocal-1.10'
AMDEPBACKSLASH='\'
AMDEP_FALSE='#'
AMDEP_TRUE=''
AMTAR='${SHELL} /home/moji/FARZ/Final/team/agent2d-2.1.0/config/missing --run tar'
AUTOCONF='${SHELL} /home/moji/FARZ/Final/team/agent2d-2.1.0/config/missing --run autoconf'
AUTOHEADER='${SHELL} /home/moji/FARZ/Final/team/agent2d-2.1.0/config/missing --run autoheader'
AUTOMAKE='${SHELL} /home/moji/FARZ/Final/team/agent2d-2.1.0/config/missing --run automake-1.10'
AWK='gawk'
BOOST_CPPFLAGS='-I/usr/include'
BOOST_LDFLAGS='-L/usr/lib'
CC='gcc'
CCDEPMODE='depmode=gcc3'
CFLAGS='-g -O2'
CPPFLAGS=' -I/usr/include'
CXX='g++'
CXXCPP='g++ -E'
CXXDEPMODE='depmode=gcc3'
CXXFLAGS='-g -O2'
CYGPATH_W='echo'
DEFS='-DHAVE_CONFIG_H'
DEPDIR='.deps'
ECHO_C=''
ECHO_N='-n'
ECHO_T=''
EGREP='/bin/grep -E'
EXEEXT=''
GREP='/bin/grep'
INSTALL_DATA='${INSTALL} -m 644'
INSTALL_PROGRAM='${INSTALL}'
INSTALL_SCRIPT='${INSTALL}'
INSTALL_STRIP_PROGRAM='$(install_sh) -c -s'
LDFLAGS=' -L/usr/lib'
LIBOBJS=''
LIBRCSCLIB='/usr/local/lib'
LIBS='-lrcsc_agent -lrcsc_ann -lrcsc_net -lrcsc_time -lrcsc_param -lrcsc_gz -lrcsc_rcg -lrcsc_geom -lz -lm '
LN_S='ln -s'
LTLIBOBJS=''
MAKEINFO='${SHELL} /home/moji/FARZ/Final/team/agent2d-2.1.0/config/missing --run makeinfo'
MKDIR_P='/bin/mkdir -p'
OBJEXT='o'
PACKAGE='agent2d'
PACKAGE_BUGREPORT='akky@users.sourceforge.jp'
PACKAGE_NAME='agent2d'
PACKAGE_STRING='agent2d 2.1.0'
PACKAGE_TARNAME='agent2d'
PACKAGE_VERSION='2.1.0'
PATH_SEPARATOR=':'
RANLIB='ranlib'
SET_MAKE=''
SHELL='/bin/sh'
STRIP=''
VERSION='2.1.0'
ac_ct_CC='gcc'
ac_ct_CXX='g++'
am__fastdepCC_FALSE='#'
am__fastdepCC_TRUE=''
am__fastdepCXX_FALSE='#'
am__fastdepCXX_TRUE=''
am__include='include'
am__isrc=''
am__leading_dot='.'
am__quote=''
am__tar='${AMTAR} chof - "$$tardir"'
am__untar='${AMTAR} xf -'
bindir='${exec_prefix}/bin'
build_alias=''
datadir='${datarootdir}'
datarootdir='${prefix}/share'
docdir='${datarootdir}/doc/${PACKAGE_TARNAME}'
dvidir='${docdir}'
exec_prefix='${prefix}'
host_alias=''
htmldir='${docdir}'
includedir='${prefix}/include'
infodir='${datarootdir}/info'
install_sh='$(SHELL) /home/moji/FARZ/Final/team/agent2d-2.1.0/config/install-sh'
libdir='${exec_prefix}/lib'
libexecdir='${exec_prefix}/libexec'
localedir='${datarootdir}/locale'
localstatedir='${prefix}/var'
mandir='${datarootdir}/man'
mkdir_p='/bin/mkdir -p'
oldincludedir='/usr/include'
pdfdir='${docdir}'
prefix='/usr/local'
program_transform_name='s,x,x,'
psdir='${docdir}'
sbindir='${exec_prefix}/sbin'
sharedstatedir='${prefix}/com'
sysconfdir='${prefix}/etc'
target_alias=''

## ----------- ##
## confdefs.h. ##
## ----------- ##

#define PACKAGE_NAME "agent2d"
#define PACKAGE_TARNAME "agent2d"
#define PACKAGE_VERSION "2.1.0"
#define PACKAGE_STRING "agent2d 2.1.0"
#define PACKAGE_BUGREPORT "akky@users.sourceforge.jp"
#define PACKAGE "agent2d"
#define VERSION "2.1.0"
#define HAVE_BOOST /**/
#define HAVE_LIBZ 1
#define HAVE_LIBRCSC_GZ 1
#define HAVE_SYS_TYPES_H 1
#define HAVE_SYS_STAT_H 1
#define HAVE_STDLIB_H 1
#define HAVE_STRING_H 1
#define HAVE_MEMORY_H 1
#define HAVE_STRINGS_H 1
#define HAVE_INTTYPES_H 1
#define HAVE_STDINT_H 1
#define HAVE_UNISTD_H 1
#define HAVE_RCSC_TYPES_H 1
#define HAVE_STDBOOL_H 1
#define TIME_WITH_SYS_TIME 1
#define HAVE_FLOOR 1
#define HAVE_POW 1
#define HAVE_SQRT 1
#define HAVE_STRERROR 1

configure: exit 0
